<?xml version="1.0" encoding="UTF-8"?>
<!-- Generated by org.testng.reporters.JUnitXMLReporter -->
<testsuite ignored="2" hostname="QC-Fatma" failures="0" tests="7" name="regression test" time="0.18" errors="0" timestamp="2021-12-15T14:53:08 EET">
  <testcase classname="tests.TestBase" name="@BeforeSuite openDriver" time="11.156">
    <failure type="org.openqa.selenium.NoSuchWindowException" message="Browsing context has been discarded
Build info: version: &amp;apos;4.0.0&amp;apos;, revision: &amp;apos;3a21814679&amp;apos;
System info: host: &amp;apos;QC-FATMA&amp;apos;, ip: &amp;apos;192.168.1.101&amp;apos;, os.name: &amp;apos;Windows 10&amp;apos;, os.arch: &amp;apos;amd64&amp;apos;, os.version: &amp;apos;10.0&amp;apos;, java.version: &amp;apos;16.0.1&amp;apos;
Driver info: org.openqa.selenium.firefox.FirefoxDriver
Command: [3221f526-754e-489d-ab45-f62cb07fef71, maximizeCurrentWindow {}]
Capabilities {acceptInsecureCerts: true, browserName: firefox, browserVersion: 94.0.2, javascriptEnabled: true, moz:accessibilityChecks: false, moz:buildID: 20211119140621, moz:debuggerAddress: localhost:64716, moz:geckodriverVersion: 0.30.0, moz:headless: false, moz:processID: 7488, moz:profile: C:\Users\admin\AppData\Loca..., moz:shutdownTimeout: 60000, moz:useNonSpecCompliantPointerOrigin: false, moz:webdriverClick: true, pageLoadStrategy: normal, platform: WINDOWS, platformName: WINDOWS, platformVersion: 10.0, proxy: Proxy(), se:cdp: ws://localhost:64716/devtoo..., se:cdpVersion: 85, setWindowRect: true, strictFileInteractability: false, timeouts: {implicit: 0, pageLoad: 300000, script: 30000}, unhandledPromptBehavior: dismiss and notify}
Session ID: 3221f526-754e-489d-ab45-f62cb07fef71">
      <![CDATA[org.openqa.selenium.NoSuchWindowException: Browsing context has been discarded
Build info: version: '4.0.0', revision: '3a21814679'
System info: host: 'QC-FATMA', ip: '192.168.1.101', os.name: 'Windows 10', os.arch: 'amd64', os.version: '10.0', java.version: '16.0.1'
Driver info: org.openqa.selenium.firefox.FirefoxDriver
Command: [3221f526-754e-489d-ab45-f62cb07fef71, maximizeCurrentWindow {}]
Capabilities {acceptInsecureCerts: true, browserName: firefox, browserVersion: 94.0.2, javascriptEnabled: true, moz:accessibilityChecks: false, moz:buildID: 20211119140621, moz:debuggerAddress: localhost:64716, moz:geckodriverVersion: 0.30.0, moz:headless: false, moz:processID: 7488, moz:profile: C:\Users\admin\AppData\Loca..., moz:shutdownTimeout: 60000, moz:useNonSpecCompliantPointerOrigin: false, moz:webdriverClick: true, pageLoadStrategy: normal, platform: WINDOWS, platformName: WINDOWS, platformVersion: 10.0, proxy: Proxy(), se:cdp: ws://localhost:64716/devtoo..., se:cdpVersion: 85, setWindowRect: true, strictFileInteractability: false, timeouts: {implicit: 0, pageLoad: 300000, script: 30000}, unhandledPromptBehavior: dismiss and notify}
Session ID: 3221f526-754e-489d-ab45-f62cb07fef71
at org.openqa.selenium.remote.codec.w3c.W3CHttpResponseCodec.createException(W3CHttpResponseCodec.java:200)
at org.openqa.selenium.remote.codec.w3c.W3CHttpResponseCodec.decode(W3CHttpResponseCodec.java:133)
at org.openqa.selenium.remote.codec.w3c.W3CHttpResponseCodec.decode(W3CHttpResponseCodec.java:53)
at org.openqa.selenium.remote.HttpCommandExecutor.execute(HttpCommandExecutor.java:184)
at org.openqa.selenium.remote.service.DriverCommandExecutor.invokeExecute(DriverCommandExecutor.java:164)
at org.openqa.selenium.remote.service.DriverCommandExecutor.execute(DriverCommandExecutor.java:139)
at org.openqa.selenium.remote.RemoteWebDriver.execute(RemoteWebDriver.java:559)
at org.openqa.selenium.remote.RemoteWebDriver.execute(RemoteWebDriver.java:614)
at org.openqa.selenium.remote.RemoteWebDriver.execute(RemoteWebDriver.java:618)
at org.openqa.selenium.remote.RemoteWebDriver$RemoteWebDriverOptions$RemoteWindow.maximize(RemoteWebDriver.java:928)
at tests.TestBase.openDriver(TestBase.java:37)
... Removed 24 stack frames]]>
    </failure>
  </testcase> <!-- @BeforeSuite openDriver -->
  <testcase classname="tests.TestBase" name="@AfterMethod screenshootOnFailure" time="-1.6395727883E9">
    <skipped/>
  </testcase> <!-- @AfterMethod screenshootOnFailure -->
  <testcase classname="tests.TestBase" name="@AfterMethod screenshootOnFailure" time="-1.639572788341E9">
    <skipped/>
  </testcase> <!-- @AfterMethod screenshootOnFailure -->
  <testcase classname="tests.TestBase" name="@AfterMethod screenshootOnFailure" time="-1.639572788369E9">
    <skipped/>
  </testcase> <!-- @AfterMethod screenshootOnFailure -->
  <testcase classname="tests.TestBase" name="@AfterMethod screenshootOnFailure" time="-1.639572788378E9">
    <skipped/>
  </testcase> <!-- @AfterMethod screenshootOnFailure -->
  <testcase classname="tests.TestBase" name="@AfterMethod screenshootOnFailure" time="-1.639572788392E9">
    <skipped/>
  </testcase> <!-- @AfterMethod screenshootOnFailure -->
  <testcase classname="tests.TestBase" name="@AfterMethod screenshootOnFailure" time="-1.639572788401E9">
    <skipped/>
  </testcase> <!-- @AfterMethod screenshootOnFailure -->
  <testcase classname="tests.TestBase" name="@AfterMethod screenshootOnFailure" time="-1.63957278841E9">
    <skipped/>
  </testcase> <!-- @AfterMethod screenshootOnFailure -->
  <testcase classname="tests.CreateWorkOrderTest" name="UserCanLoginSuccessfully" time="0.0">
    <skipped/>
  </testcase> <!-- UserCanLoginSuccessfully -->
  <testcase classname="tests.CreateWorkOrderTest" name="UserCanCreateWorkOrder" time="0.0">
    <skipped/>
  </testcase> <!-- UserCanCreateWorkOrder -->
  <testcase classname="tests.CreateWorkOrderTest" name="LogOutFromAdminAccount" time="0.0">
    <skipped/>
  </testcase> <!-- LogOutFromAdminAccount -->
  <testcase classname="tests.CreateWorkOrderTest" name="LogInEngineerAccount" time="0.0">
    <skipped/>
  </testcase> <!-- LogInEngineerAccount -->
  <testcase classname="tests.CreateWorkOrderTest" name="EngineerApprovingAndWorkOnOrder" time="0.0">
    <skipped/>
  </testcase> <!-- EngineerApprovingAndWorkOnOrder -->
  <testcase classname="tests.EngineerCompleteWorkOrderTest" name="LogInEngineerAccount" time="0.0">
    <skipped/>
  </testcase> <!-- LogInEngineerAccount -->
  <testcase classname="tests.EngineerCompleteWorkOrderTest" name="EngineerApprovingAndWorkOnOrder" time="0.0">
    <skipped/>
  </testcase> <!-- EngineerApprovingAndWorkOnOrder -->
  <testcase classname="tests.TestBase" name="@AfterSuite closeDriver" time="0.0">
    <ignored/>
  </testcase> <!-- @AfterSuite closeDriver -->
  <testcase classname="tests.TestBase" name="@BeforeSuite openDriver" time="0.0">
    <ignored/>
  </testcase> <!-- @BeforeSuite openDriver -->
</testsuite> <!-- regression test -->
